internal/modules/cjs/loader.js:818
  throw err;
  ^

Error: Cannot find module 'mysql'
Require stack:
- /home/u1442888/public_html/admin/db_koneksi.js
- /home/u1442888/public_html/admin/index.js
- /usr/local/lsws/fcgi-bin/lsnode.js
    at Function.Module._resolveFilename (internal/modules/cjs/loader.js:815:15)
    at Function.Module._load (internal/modules/cjs/loader.js:667:27)
    at Module.require (internal/modules/cjs/loader.js:887:19)
    at require (internal/modules/cjs/helpers.js:74:18)
    at Object.<anonymous> (/home/u1442888/public_html/admin/db_koneksi.js:1:13)
    at Module._compile (internal/modules/cjs/loader.js:999:30)
    at Object.Module._extensions..js (internal/modules/cjs/loader.js:1027:10)
    at Module.load (internal/modules/cjs/loader.js:863:32)
    at Function.Module._load (internal/modules/cjs/loader.js:708:14)
    at Module.require (internal/modules/cjs/loader.js:887:19) {
  code: 'MODULE_NOT_FOUND',
  requireStack: [
    '/home/u1442888/public_html/admin/db_koneksi.js',
    '/home/u1442888/public_html/admin/index.js',
    '/usr/local/lsws/fcgi-bin/lsnode.js'
  ]
}
internal/modules/cjs/loader.js:818
  throw err;
  ^

Error: Cannot find module 'express-session'
Require stack:
- /home/u1442888/public_html/admin/index.js
- /usr/local/lsws/fcgi-bin/lsnode.js
    at Function.Module._resolveFilename (internal/modules/cjs/loader.js:815:15)
    at Function.Module._load (internal/modules/cjs/loader.js:667:27)
    at Module.require (internal/modules/cjs/loader.js:887:19)
    at require (internal/modules/cjs/helpers.js:74:18)
    at Object.<anonymous> (/home/u1442888/public_html/admin/index.js:17:17)
    at Module._compile (internal/modules/cjs/loader.js:999:30)
    at Object.Module._extensions..js (internal/modules/cjs/loader.js:1027:10)
    at Module.load (internal/modules/cjs/loader.js:863:32)
    at Function.Module._load (internal/modules/cjs/loader.js:708:14)
    at Module.require (internal/modules/cjs/loader.js:887:19) {
  code: 'MODULE_NOT_FOUND',
  requireStack: [
    '/home/u1442888/public_html/admin/index.js',
    '/usr/local/lsws/fcgi-bin/lsnode.js'
  ]
}
Error: Cannot find module 'ejs'
Require stack:
- /home/u1442888/public_html/admin/node_modules/express/lib/view.js
- /home/u1442888/public_html/admin/node_modules/express/lib/application.js
- /home/u1442888/public_html/admin/node_modules/express/lib/express.js
- /home/u1442888/public_html/admin/node_modules/express/index.js
- /home/u1442888/public_html/admin/index.js
- /usr/local/lsws/fcgi-bin/lsnode.js
    at Function.Module._resolveFilename (internal/modules/cjs/loader.js:815:15)
    at Function.Module._load (internal/modules/cjs/loader.js:667:27)
    at Module.require (internal/modules/cjs/loader.js:887:19)
    at require (internal/modules/cjs/helpers.js:74:18)
    at new View (/home/u1442888/public_html/admin/node_modules/express/lib/view.js:81:14)
    at Function.render (/home/u1442888/public_html/admin/node_modules/express/lib/application.js:570:12)
    at ServerResponse.render (/home/u1442888/public_html/admin/node_modules/express/lib/response.js:1012:7)
    at /home/u1442888/public_html/admin/index.js:57:16
    at Layer.handle [as handle_request] (/home/u1442888/public_html/admin/node_modules/express/lib/router/layer.js:95:5)
    at next (/home/u1442888/public_html/admin/node_modules/express/lib/router/route.js:137:13)
events.js:291
      throw er; // Unhandled 'error' event
      ^

Error: read ECONNRESET
    at TCP.onStreamRead (internal/stream_base_commons.js:209:20)
Emitted 'error' event on Connection instance at:
    at Connection._handleProtocolError (/home/u1442888/public_html/admin/node_modules/mysql/lib/Connection.js:423:8)
    at Protocol.emit (events.js:314:20)
    at Protocol._delegateError (/home/u1442888/public_html/admin/node_modules/mysql/lib/protocol/Protocol.js:398:10)
    at Protocol.handleNetworkError (/home/u1442888/public_html/admin/node_modules/mysql/lib/protocol/Protocol.js:371:10)
    at Connection._handleNetworkError (/home/u1442888/public_html/admin/node_modules/mysql/lib/Connection.js:418:18)
    at Socket.emit (events.js:314:20)
    at emitErrorNT (internal/streams/destroy.js:92:8)
    at emitErrorAndCloseNT (internal/streams/destroy.js:60:3)
    at processTicksAndRejections (internal/process/task_queues.js:84:21) {
  errno: 'ECONNRESET',
  code: 'ECONNRESET',
  syscall: 'read',
  fatal: true
}
events.js:291
      throw er; // Unhandled 'error' event
      ^

Error: read ECONNRESET
    at TCP.onStreamRead (internal/stream_base_commons.js:209:20)
Emitted 'error' event on Connection instance at:
    at Connection._handleProtocolError (/home/u1442888/public_html/admin/node_modules/mysql/lib/Connection.js:423:8)
    at Protocol.emit (events.js:314:20)
    at Protocol._delegateError (/home/u1442888/public_html/admin/node_modules/mysql/lib/protocol/Protocol.js:398:10)
    at Protocol.handleNetworkError (/home/u1442888/public_html/admin/node_modules/mysql/lib/protocol/Protocol.js:371:10)
    at Connection._handleNetworkError (/home/u1442888/public_html/admin/node_modules/mysql/lib/Connection.js:418:18)
    at Socket.emit (events.js:314:20)
    at emitErrorNT (internal/streams/destroy.js:92:8)
    at emitErrorAndCloseNT (internal/streams/destroy.js:60:3)
    at processTicksAndRejections (internal/process/task_queues.js:84:21) {
  errno: 'ECONNRESET',
  code: 'ECONNRESET',
  syscall: 'read',
  fatal: true
}
/home/u1442888/public_html/admin/index.js:293
            if (err) throw err;
                     ^

Error: connect ECONNREFUSED 127.0.0.1:3306
    at TCPConnectWrap.afterConnect [as oncomplete] (net.js:1144:16)
    --------------------
    at Protocol._enqueue (/home/u1442888/public_html/admin/node_modules/mysql/lib/protocol/Protocol.js:144:48)
    at Protocol.handshake (/home/u1442888/public_html/admin/node_modules/mysql/lib/protocol/Protocol.js:51:23)
    at PoolConnection.connect (/home/u1442888/public_html/admin/node_modules/mysql/lib/Connection.js:116:18)
    at Pool.getConnection (/home/u1442888/public_html/admin/node_modules/mysql/lib/Pool.js:48:16)
    at Pool.query (/home/u1442888/public_html/admin/node_modules/mysql/lib/Pool.js:202:8)
    at /home/u1442888/public_html/admin/index.js:291:23
    at Layer.handle [as handle_request] (/home/u1442888/public_html/admin/node_modules/express/lib/router/layer.js:95:5)
    at next (/home/u1442888/public_html/admin/node_modules/express/lib/router/route.js:137:13)
    at Route.dispatch (/home/u1442888/public_html/admin/node_modules/express/lib/router/route.js:112:3)
    at Layer.handle [as handle_request] (/home/u1442888/public_html/admin/node_modules/express/lib/router/layer.js:95:5) {
  errno: 'ECONNREFUSED',
  code: 'ECONNREFUSED',
  syscall: 'connect',
  address: '127.0.0.1',
  port: 3306,
  fatal: true
}
/home/u1442888/nodevenv/public_html/admin/12/bin/node: fork: retry: No child processes
/home/u1442888/nodevenv/public_html/admin/12/bin/node: fork: retry: No child processes
/home/u1442888/nodevenv/public_html/admin/12/bin/node: fork: retry: No child processes
/home/u1442888/nodevenv/public_html/admin/12/bin/node: fork: retry: No child processes
/home/u1442888/nodevenv/public_html/admin/12/bin/node: fork: Resource temporarily unavailable
/home/u1442888/nodevenv/public_html/admin/12/bin/node: fork: retry: No child processes
/home/u1442888/nodevenv/public_html/admin/12/bin/node: fork: retry: No child processes
/home/u1442888/nodevenv/public_html/admin/12/bin/node: fork: retry: No child processes
/home/u1442888/nodevenv/public_html/admin/12/bin/node: fork: retry: No child processes
/home/u1442888/nodevenv/public_html/admin/12/bin/node: fork: Resource temporarily unavailable
/home/u1442888/nodevenv/public_html/admin/12/bin/node: fork: retry: No child processes
/home/u1442888/nodevenv/public_html/admin/12/bin/node: fork: retry: No child processes
/home/u1442888/nodevenv/public_html/admin/12/bin/node: fork: retry: No child processes
/home/u1442888/nodevenv/public_html/admin/12/bin/node: fork: retry: No child processes
/home/u1442888/nodevenv/public_html/admin/12/bin/node: fork: retry: No child processes
/home/u1442888/nodevenv/public_html/admin/12/bin/node: fork: retry: No child processes
/home/u1442888/nodevenv/public_html/admin/12/bin/node: fork: retry: No child processes
/home/u1442888/nodevenv/public_html/admin/12/bin/node: fork: retry: No child processes
/home/u1442888/nodevenv/public_html/admin/12/bin/node: fork: Resource temporarily unavailable
/home/u1442888/nodevenv/public_html/admin/12/bin/node: fork: Resource temporarily unavailable
/home/u1442888/nodevenv/public_html/admin/12/bin/node: fork: retry: No child processes
/home/u1442888/nodevenv/public_html/admin/12/bin/node: fork: retry: No child processes
/home/u1442888/nodevenv/public_html/admin/12/bin/node: fork: retry: No child processes
/home/u1442888/nodevenv/public_html/admin/12/bin/node: fork: retry: No child processes
/home/u1442888/nodevenv/public_html/admin/12/bin/node: fork: Resource temporarily unavailable
/home/u1442888/nodevenv/public_html/admin/12/bin/node: fork: retry: No child processes
/home/u1442888/nodevenv/public_html/admin/12/bin/node: fork: retry: No child processes
/home/u1442888/nodevenv/public_html/admin/12/bin/node: fork: retry: No child processes
/home/u1442888/nodevenv/public_html/admin/12/bin/node: fork: retry: No child processes
/home/u1442888/nodevenv/public_html/admin/12/bin/node: fork: Resource temporarily unavailable
/home/u1442888/nodevenv/public_html/admin/12/bin/node: fork: retry: No child processes
/home/u1442888/nodevenv/public_html/admin/12/bin/node: fork: retry: No child processes
/home/u1442888/nodevenv/public_html/admin/12/bin/node: fork: retry: No child processes
/home/u1442888/nodevenv/public_html/admin/12/bin/node: fork: retry: No child processes
/home/u1442888/nodevenv/public_html/admin/12/bin/node: fork: Resource temporarily unavailable
/home/u1442888/nodevenv/public_html/admin/12/bin/node: fork: retry: No child processes
/home/u1442888/nodevenv/public_html/admin/12/bin/node: fork: retry: No child processes
/home/u1442888/nodevenv/public_html/admin/12/bin/node: fork: retry: No child processes
/home/u1442888/nodevenv/public_html/admin/12/bin/node: fork: retry: No child processes
/home/u1442888/nodevenv/public_html/admin/12/bin/node: fork: Resource temporarily unavailable
/home/u1442888/nodevenv/public_html/admin/12/bin/node: fork: retry: No child processes
/home/u1442888/nodevenv/public_html/admin/12/bin/node: fork: retry: No child processes
/home/u1442888/nodevenv/public_html/admin/12/bin/node: fork: retry: No child processes
/home/u1442888/nodevenv/public_html/admin/12/bin/node: fork: retry: No child processes
/home/u1442888/nodevenv/public_html/admin/12/bin/node: fork: Resource temporarily unavailable
/home/u1442888/nodevenv/public_html/admin/12/bin/node: fork: retry: No child processes
/home/u1442888/nodevenv/public_html/admin/12/bin/node: fork: retry: No child processes
/home/u1442888/nodevenv/public_html/admin/12/bin/node: fork: retry: No child processes
/home/u1442888/nodevenv/public_html/admin/12/bin/node: fork: retry: No child processes
/home/u1442888/nodevenv/public_html/admin/12/bin/node: fork: Resource temporarily unavailable
/home/u1442888/nodevenv/public_html/admin/12/bin/node: fork: retry: No child processes
/home/u1442888/nodevenv/public_html/admin/12/bin/node: fork: retry: No child processes
/home/u1442888/nodevenv/public_html/admin/12/bin/node: fork: retry: No child processes
/home/u1442888/nodevenv/public_html/admin/12/bin/node: fork: retry: No child processes
/home/u1442888/nodevenv/public_html/admin/12/bin/node: fork: Resource temporarily unavailable
/home/u1442888/nodevenv/public_html/admin/12/bin/node: fork: retry: No child processes
/home/u1442888/nodevenv/public_html/admin/12/bin/node: fork: retry: No child processes
/home/u1442888/nodevenv/public_html/admin/12/bin/node: fork: retry: No child processes
/home/u1442888/nodevenv/public_html/admin/12/bin/node: fork: retry: No child processes
/home/u1442888/nodevenv/public_html/admin/12/bin/node: fork: Resource temporarily unavailable
/home/u1442888/nodevenv/public_html/admin/12/bin/node: fork: retry: No child processes
/home/u1442888/nodevenv/public_html/admin/12/bin/node: fork: retry: No child processes
/home/u1442888/nodevenv/public_html/admin/12/bin/node: fork: retry: No child processes
/home/u1442888/nodevenv/public_html/admin/12/bin/node: fork: retry: No child processes
/home/u1442888/nodevenv/public_html/admin/12/bin/node: fork: Resource temporarily unavailable
/home/u1442888/nodevenv/public_html/admin/12/bin/node: fork: retry: No child processes
/home/u1442888/nodevenv/public_html/admin/12/bin/node: fork: retry: No child processes
/home/u1442888/nodevenv/public_html/admin/12/bin/node: fork: retry: No child processes
/home/u1442888/nodevenv/public_html/admin/12/bin/node: fork: retry: No child processes
/home/u1442888/nodevenv/public_html/admin/12/bin/node: fork: Resource temporarily unavailable
/home/u1442888/public_html/admin/node_modules/mysql/lib/protocol/Parser.js:437
      throw err; // Rethrow non-MySQL errors
      ^

Error: ER_DUP_ENTRY: Duplicate entry 'dian' for key 'PRIMARY'
    at Query.Sequence._packetToError (/home/u1442888/public_html/admin/node_modules/mysql/lib/protocol/sequences/Sequence.js:47:14)
    at Query.ErrorPacket (/home/u1442888/public_html/admin/node_modules/mysql/lib/protocol/sequences/Query.js:79:18)
    at Protocol._parsePacket (/home/u1442888/public_html/admin/node_modules/mysql/lib/protocol/Protocol.js:291:23)
    at Parser._parsePacket (/home/u1442888/public_html/admin/node_modules/mysql/lib/protocol/Parser.js:433:10)
    at Parser.write (/home/u1442888/public_html/admin/node_modules/mysql/lib/protocol/Parser.js:43:10)
    at Protocol.write (/home/u1442888/public_html/admin/node_modules/mysql/lib/protocol/Protocol.js:38:16)
    at Socket.<anonymous> (/home/u1442888/public_html/admin/node_modules/mysql/lib/Connection.js:88:28)
    at Socket.<anonymous> (/home/u1442888/public_html/admin/node_modules/mysql/lib/Connection.js:526:10)
    at Socket.emit (events.js:314:20)
    at addChunk (_stream_readable.js:297:12)
    --------------------
    at Pool.query (/home/u1442888/public_html/admin/node_modules/mysql/lib/Pool.js:199:23)
    at /home/u1442888/public_html/admin/index.js:135:23
    at Layer.handle [as handle_request] (/home/u1442888/public_html/admin/node_modules/express/lib/router/layer.js:95:5)
    at next (/home/u1442888/public_html/admin/node_modules/express/lib/router/route.js:137:13)
    at Route.dispatch (/home/u1442888/public_html/admin/node_modules/express/lib/router/route.js:112:3)
    at Layer.handle [as handle_request] (/home/u1442888/public_html/admin/node_modules/express/lib/router/layer.js:95:5)
    at /home/u1442888/public_html/admin/node_modules/express/lib/router/index.js:281:22
    at Function.process_params (/home/u1442888/public_html/admin/node_modules/express/lib/router/index.js:335:12)
    at next (/home/u1442888/public_html/admin/node_modules/express/lib/router/index.js:275:10)
    at serveStatic (/home/u1442888/public_html/admin/node_modules/serve-static/index.js:75:16) {
  code: 'ER_DUP_ENTRY',
  errno: 1062,
  sqlMessage: "Duplicate entry 'dian' for key 'PRIMARY'",
  sqlState: '23000',
  index: 0,
  sql: 'INSERT INTO pegawai (idpegawai,namapegawai,jabatanpegawai,sandi) VALUES ("dian","ferdian","USER-TAMU","dian")'
}
/home/u1442888/public_html/admin/node_modules/mysql/lib/protocol/Parser.js:437
      throw err; // Rethrow non-MySQL errors
      ^

Error: ER_DUP_ENTRY: Duplicate entry 'dian' for key 'PRIMARY'
    at Query.Sequence._packetToError (/home/u1442888/public_html/admin/node_modules/mysql/lib/protocol/sequences/Sequence.js:47:14)
    at Query.ErrorPacket (/home/u1442888/public_html/admin/node_modules/mysql/lib/protocol/sequences/Query.js:79:18)
    at Protocol._parsePacket (/home/u1442888/public_html/admin/node_modules/mysql/lib/protocol/Protocol.js:291:23)
    at Parser._parsePacket (/home/u1442888/public_html/admin/node_modules/mysql/lib/protocol/Parser.js:433:10)
    at Parser.write (/home/u1442888/public_html/admin/node_modules/mysql/lib/protocol/Parser.js:43:10)
    at Protocol.write (/home/u1442888/public_html/admin/node_modules/mysql/lib/protocol/Protocol.js:38:16)
    at Socket.<anonymous> (/home/u1442888/public_html/admin/node_modules/mysql/lib/Connection.js:88:28)
    at Socket.<anonymous> (/home/u1442888/public_html/admin/node_modules/mysql/lib/Connection.js:526:10)
    at Socket.emit (events.js:314:20)
    at addChunk (_stream_readable.js:297:12)
    --------------------
    at Pool.query (/home/u1442888/public_html/admin/node_modules/mysql/lib/Pool.js:199:23)
    at /home/u1442888/public_html/admin/index.js:135:23
    at Layer.handle [as handle_request] (/home/u1442888/public_html/admin/node_modules/express/lib/router/layer.js:95:5)
    at next (/home/u1442888/public_html/admin/node_modules/express/lib/router/route.js:137:13)
    at Route.dispatch (/home/u1442888/public_html/admin/node_modules/express/lib/router/route.js:112:3)
    at Layer.handle [as handle_request] (/home/u1442888/public_html/admin/node_modules/express/lib/router/layer.js:95:5)
    at /home/u1442888/public_html/admin/node_modules/express/lib/router/index.js:281:22
    at Function.process_params (/home/u1442888/public_html/admin/node_modules/express/lib/router/index.js:335:12)
    at next (/home/u1442888/public_html/admin/node_modules/express/lib/router/index.js:275:10)
    at serveStatic (/home/u1442888/public_html/admin/node_modules/serve-static/index.js:75:16) {
  code: 'ER_DUP_ENTRY',
  errno: 1062,
  sqlMessage: "Duplicate entry 'dian' for key 'PRIMARY'",
  sqlState: '23000',
  index: 0,
  sql: 'INSERT INTO pegawai (idpegawai,namapegawai,jabatanpegawai,sandi) VALUES ("dian","ferdian","USER-TAMU","dian")'
}
/home/u1442888/public_html/admin/node_modules/mysql/lib/protocol/Parser.js:437
      throw err; // Rethrow non-MySQL errors
      ^

Error: ER_DUP_ENTRY: Duplicate entry 'dian' for key 'PRIMARY'
    at Query.Sequence._packetToError (/home/u1442888/public_html/admin/node_modules/mysql/lib/protocol/sequences/Sequence.js:47:14)
    at Query.ErrorPacket (/home/u1442888/public_html/admin/node_modules/mysql/lib/protocol/sequences/Query.js:79:18)
    at Protocol._parsePacket (/home/u1442888/public_html/admin/node_modules/mysql/lib/protocol/Protocol.js:291:23)
    at Parser._parsePacket (/home/u1442888/public_html/admin/node_modules/mysql/lib/protocol/Parser.js:433:10)
    at Parser.write (/home/u1442888/public_html/admin/node_modules/mysql/lib/protocol/Parser.js:43:10)
    at Protocol.write (/home/u1442888/public_html/admin/node_modules/mysql/lib/protocol/Protocol.js:38:16)
    at Socket.<anonymous> (/home/u1442888/public_html/admin/node_modules/mysql/lib/Connection.js:88:28)
    at Socket.<anonymous> (/home/u1442888/public_html/admin/node_modules/mysql/lib/Connection.js:526:10)
    at Socket.emit (events.js:314:20)
    at addChunk (_stream_readable.js:297:12)
    --------------------
    at Pool.query (/home/u1442888/public_html/admin/node_modules/mysql/lib/Pool.js:199:23)
    at /home/u1442888/public_html/admin/index.js:135:23
    at Layer.handle [as handle_request] (/home/u1442888/public_html/admin/node_modules/express/lib/router/layer.js:95:5)
    at next (/home/u1442888/public_html/admin/node_modules/express/lib/router/route.js:137:13)
    at Route.dispatch (/home/u1442888/public_html/admin/node_modules/express/lib/router/route.js:112:3)
    at Layer.handle [as handle_request] (/home/u1442888/public_html/admin/node_modules/express/lib/router/layer.js:95:5)
    at /home/u1442888/public_html/admin/node_modules/express/lib/router/index.js:281:22
    at Function.process_params (/home/u1442888/public_html/admin/node_modules/express/lib/router/index.js:335:12)
    at next (/home/u1442888/public_html/admin/node_modules/express/lib/router/index.js:275:10)
    at serveStatic (/home/u1442888/public_html/admin/node_modules/serve-static/index.js:75:16) {
  code: 'ER_DUP_ENTRY',
  errno: 1062,
  sqlMessage: "Duplicate entry 'dian' for key 'PRIMARY'",
  sqlState: '23000',
  index: 0,
  sql: 'INSERT INTO pegawai (idpegawai,namapegawai,jabatanpegawai,sandi) VALUES ("dian","ferdian","USER-TAMU","dian")'
}
/home/u1442888/nodevenv/public_html/admin/12/bin/node: fork: retry: No child processes
/home/u1442888/nodevenv/public_html/admin/12/bin/node: fork: retry: No child processes
/home/u1442888/nodevenv/public_html/admin/12/bin/node: fork: retry: No child processes
/home/u1442888/nodevenv/public_html/admin/12/bin/node: fork: retry: No child processes
/home/u1442888/nodevenv/public_html/admin/12/bin/node: fork: Resource temporarily unavailable
/home/u1442888/nodevenv/public_html/admin/12/bin/node: fork: retry: No child processes
/home/u1442888/nodevenv/public_html/admin/12/bin/node: fork: retry: No child processes
/home/u1442888/nodevenv/public_html/admin/12/bin/node: fork: retry: No child processes
/home/u1442888/nodevenv/public_html/admin/12/bin/node: fork: retry: No child processes
/home/u1442888/nodevenv/public_html/admin/12/bin/node: fork: Resource temporarily unavailable
/home/u1442888/nodevenv/public_html/admin/12/bin/node: fork: retry: No child processes
/home/u1442888/nodevenv/public_html/admin/12/bin/node: fork: retry: No child processes
/home/u1442888/nodevenv/public_html/admin/12/bin/node: fork: retry: No child processes
/home/u1442888/nodevenv/public_html/admin/12/bin/node: fork: retry: No child processes
/home/u1442888/nodevenv/public_html/admin/12/bin/node: fork: Resource temporarily unavailable
/home/u1442888/nodevenv/public_html/admin/12/bin/node: fork: retry: No child processes
/home/u1442888/nodevenv/public_html/admin/12/bin/node: fork: retry: No child processes
/home/u1442888/nodevenv/public_html/admin/12/bin/node: fork: retry: No child processes
/home/u1442888/nodevenv/public_html/admin/12/bin/node: fork: retry: No child processes
/home/u1442888/nodevenv/public_html/admin/12/bin/node: fork: Resource temporarily unavailable
/home/u1442888/nodevenv/public_html/admin/12/bin/node: fork: retry: No child processes
/home/u1442888/nodevenv/public_html/admin/12/bin/node: fork: retry: No child processes
/home/u1442888/nodevenv/public_html/admin/12/bin/node: fork: retry: No child processes
/home/u1442888/nodevenv/public_html/admin/12/bin/node: fork: retry: No child processes
/home/u1442888/nodevenv/public_html/admin/12/bin/node: fork: Resource temporarily unavailable
Warning: connect.session() MemoryStore is not
designed for a production environment, as it will leak
memory, and will not scale past a single process.
Warning: connect.session() MemoryStore is not
designed for a production environment, as it will leak
memory, and will not scale past a single process.
Warning: connect.session() MemoryStore is not
designed for a production environment, as it will leak
memory, and will not scale past a single process.
Warning: connect.session() MemoryStore is not
designed for a production environment, as it will leak
memory, and will not scale past a single process.
